2024-12-07 17:48:34 [SERVER] [INFO] Starting integrated minecraft server version 1.5.2
2024-12-07 17:48:34 [SERVER] [INFO] Generating keypair
2024-12-07 17:48:34 [SERVER] [INFO] Converting map!
2024-12-07 17:48:34 [SERVER] [INFO] Scanning folders...
2024-12-07 17:48:34 [SERVER] [INFO] Total conversion count is 0
2024-12-07 17:48:35 [SERVER] [INFO] Preparing start region for level 0
2024-12-07 17:48:36 [SERVER] [INFO] quaternary[/127.0.0.1:0] logged in with entity id 17 at (-321.5, 4.0, 500.5)
2024-12-07 17:57:35 [SERVER] [INFO] Saving and pausing game...
2024-12-07 17:57:35 [SERVER] [INFO] Saving chunks for level 'New World'/Overworld
2024-12-07 17:57:35 [SERVER] [INFO] Saving chunks for level 'New World'/Nether
2024-12-07 17:57:35 [SERVER] [INFO] Saving chunks for level 'New World'/The End
2024-12-07 17:57:36 [SERVER] [INFO] Saving and pausing game...
2024-12-07 17:57:36 [SERVER] [INFO] Saving chunks for level 'New World'/Overworld
2024-12-07 17:57:36 [SERVER] [INFO] Saving chunks for level 'New World'/Nether
2024-12-07 17:57:36 [SERVER] [INFO] Saving chunks for level 'New World'/The End
2024-12-07 17:58:25 [SERVER] [INFO] Starting integrated minecraft server version 1.5.2
2024-12-07 17:58:25 [SERVER] [INFO] Generating keypair
2024-12-07 17:58:25 [SERVER] [INFO] Preparing start region for level 0
2024-12-07 17:58:26 [SERVER] [INFO] quaternary[/127.0.0.1:0] logged in with entity id 42 at (-321.5, 4.0, 500.5)
2024-12-07 17:58:48 [SERVER] [INFO] Saving and pausing game...
2024-12-07 17:58:48 [SERVER] [INFO] Saving chunks for level 'New World'/Overworld
2024-12-07 17:58:48 [SERVER] [INFO] Saving chunks for level 'New World'/Nether
2024-12-07 17:58:48 [SERVER] [INFO] Saving chunks for level 'New World'/The End
2024-12-07 17:58:49 [SERVER] [INFO] Stopping server
2024-12-07 17:58:49 [SERVER] [INFO] Saving players
2024-12-07 18:06:26 [SERVER] [INFO] Starting integrated minecraft server version 1.5.2
2024-12-07 18:06:26 [SERVER] [INFO] Generating keypair
2024-12-07 18:06:26 [SERVER] [INFO] Preparing start region for level 0
2024-12-07 18:06:27 [SERVER] [INFO] quaternary[/127.0.0.1:0] logged in with entity id 38 at (-320.4524708584876, 4.0, 500.1441270809484)
2024-12-07 18:07:04 [SERVER] [INFO] Saving and pausing game...
2024-12-07 18:07:04 [SERVER] [INFO] Saving chunks for level 'New World'/Overworld
2024-12-07 18:07:04 [SERVER] [INFO] Saving chunks for level 'New World'/Nether
2024-12-07 18:07:04 [SERVER] [INFO] Saving chunks for level 'New World'/The End
2024-12-07 18:07:15 [SERVER] [INFO] Saving and pausing game...
2024-12-07 18:07:15 [SERVER] [INFO] Saving chunks for level 'New World'/Overworld
2024-12-07 18:07:15 [SERVER] [INFO] Saving chunks for level 'New World'/Nether
2024-12-07 18:07:15 [SERVER] [INFO] Saving chunks for level 'New World'/The End
2024-12-07 18:07:27 [SERVER] [INFO] Saving and pausing game...
2024-12-07 18:07:27 [SERVER] [INFO] Saving chunks for level 'New World'/Overworld
2024-12-07 18:07:27 [SERVER] [INFO] Saving chunks for level 'New World'/Nether
2024-12-07 18:07:27 [SERVER] [INFO] Saving chunks for level 'New World'/The End
2024-12-07 18:13:04 [SERVER] [INFO] Starting integrated minecraft server version 1.5.2
2024-12-07 18:13:04 [SERVER] [INFO] Generating keypair
2024-12-07 18:13:04 [SERVER] [INFO] Preparing start region for level 0
2024-12-07 18:13:05 [SERVER] [INFO] quaternary[/127.0.0.1:0] logged in with entity id 38 at (-318.9260083079155, 4.0, 501.2616731145926)
2024-12-07 18:13:12 [SERVER] [INFO] Saving and pausing game...
2024-12-07 18:13:12 [SERVER] [INFO] Saving chunks for level 'New World'/Overworld
2024-12-07 18:13:12 [SERVER] [INFO] Saving chunks for level 'New World'/Nether
2024-12-07 18:13:12 [SERVER] [INFO] Saving chunks for level 'New World'/The End
2024-12-07 18:13:15 [SERVER] [INFO] Saving and pausing game...
2024-12-07 18:13:15 [SERVER] [INFO] Saving chunks for level 'New World'/Overworld
2024-12-07 18:13:15 [SERVER] [INFO] Saving chunks for level 'New World'/Nether
2024-12-07 18:13:15 [SERVER] [INFO] Saving chunks for level 'New World'/The End
2024-12-07 18:13:18 [SERVER] [INFO] Saving and pausing game...
2024-12-07 18:13:18 [SERVER] [INFO] Saving chunks for level 'New World'/Overworld
2024-12-07 18:13:18 [SERVER] [INFO] Saving chunks for level 'New World'/Nether
2024-12-07 18:13:18 [SERVER] [INFO] Saving chunks for level 'New World'/The End
2024-12-07 18:14:58 [SERVER] [INFO] Saving and pausing game...
2024-12-07 18:14:58 [SERVER] [INFO] Saving chunks for level 'New World'/Overworld
2024-12-07 18:14:58 [SERVER] [INFO] Saving chunks for level 'New World'/Nether
2024-12-07 18:14:58 [SERVER] [INFO] Saving chunks for level 'New World'/The End
2024-12-07 18:16:25 [SERVER] [INFO] Saving and pausing game...
2024-12-07 18:16:25 [SERVER] [INFO] Saving chunks for level 'New World'/Overworld
2024-12-07 18:16:26 [SERVER] [INFO] Saving chunks for level 'New World'/Nether
2024-12-07 18:16:26 [SERVER] [INFO] Saving chunks for level 'New World'/The End
2024-12-07 18:17:06 [SERVER] [INFO] Starting integrated minecraft server version 1.5.2
2024-12-07 18:17:06 [SERVER] [INFO] Generating keypair
2024-12-07 18:17:06 [SERVER] [INFO] Preparing start region for level 0
2024-12-07 18:17:07 [SERVER] [INFO] quaternary[/127.0.0.1:0] logged in with entity id 83 at (-320.27040534782054, 4.0, 501.02625988647924)
2024-12-07 18:17:24 [SERVER] [INFO] Saving and pausing game...
2024-12-07 18:17:24 [SERVER] [INFO] Saving chunks for level 'New World'/Overworld
2024-12-07 18:17:24 [SERVER] [INFO] Saving chunks for level 'New World'/Nether
2024-12-07 18:17:24 [SERVER] [INFO] Saving chunks for level 'New World'/The End
2024-12-07 18:18:07 [SERVER] [INFO] Saving and pausing game...
2024-12-07 18:18:07 [SERVER] [INFO] Saving chunks for level 'New World'/Overworld
2024-12-07 18:18:07 [SERVER] [INFO] Saving chunks for level 'New World'/Nether
2024-12-07 18:18:07 [SERVER] [INFO] Saving chunks for level 'New World'/The End
2024-12-07 18:19:28 [SERVER] [SEVERE] Encountered an unexpected exception ReportedException
net.minecraft.util.ReportedException: Ticking memory connection
	at net.minecraft.network.NetworkListenThread.networkTick(NetworkListenThread.java:60)
	at net.minecraft.server.integrated.IntegratedServerListenThread.networkTick(IntegratedServerListenThread.java:109)
	at net.minecraft.server.MinecraftServer.updateTimeLightAndEntities(MinecraftServer.java:677)
	at net.minecraft.server.MinecraftServer.tick(MinecraftServer.java:573)
	at net.minecraft.server.integrated.IntegratedServer.tick(IntegratedServer.java:127)
	at net.minecraft.server.MinecraftServer.run(MinecraftServer.java:470)
	at net.minecraft.server.ThreadMinecraftServer.run(ThreadMinecraftServer.java:573)
Caused by: java.lang.NullPointerException
	at net.minecraft.network.packet.Packet3Chat.<init>(Packet3Chat.java:24)
	at net.minecraft.network.packet.Packet3Chat.<init>(Packet3Chat.java:20)
	at ic2.core.Platform.messagePlayer(Platform.java:48)
	at dev.vintage.cropnalyzer.item.ItemAdvancedAnalyzer.onItemUse(ItemAdvancedAnalyzer.java:57)
	at net.minecraft.item.ItemStack.tryPlaceItemIntoWorld(ItemStack.java:149)
	at net.minecraft.item.ItemInWorldManager.activateBlockOrUseItem(ItemInWorldManager.java:425)
	at net.minecraft.network.NetServerHandler.handlePlace(NetServerHandler.java:553)
	at net.minecraft.network.packet.Packet15Place.processPacket(Packet15Place.java:58)
	at net.minecraft.network.MemoryConnection.processReadPackets(MemoryConnection.java:89)
	at net.minecraft.network.NetServerHandler.networkTick(NetServerHandler.java:134)
	at net.minecraft.network.NetworkListenThread.networkTick(NetworkListenThread.java:53)
	... 6 more
2024-12-07 18:19:28 [SERVER] [SEVERE] This crash report has been saved to: D:\Games\Minecraft\Workspace\VintageModsReforged\AdvancedCropnalyzer - 1.5.2\run\crash-reports\crash-2024-12-07_18.19.28-server.txt
2024-12-07 18:19:28 [SERVER] [INFO] Stopping server
2024-12-07 18:19:28 [SERVER] [INFO] Saving players
2024-12-07 18:19:28 [SERVER] [INFO] Saving worlds
2024-12-07 18:19:28 [SERVER] [INFO] Saving chunks for level 'New World'/Overworld
2024-12-07 18:19:28 [SERVER] [INFO] Saving chunks for level 'New World'/Nether
2024-12-07 18:19:28 [SERVER] [INFO] Saving chunks for level 'New World'/The End
2024-12-07 18:20:46 [SERVER] [INFO] Stopping server
2024-12-07 18:20:46 [SERVER] [INFO] Saving players
2024-12-07 18:20:46 [SERVER] [INFO] Saving worlds
2024-12-07 18:21:04 [SERVER] [INFO] Starting integrated minecraft server version 1.5.2
2024-12-07 18:21:04 [SERVER] [INFO] Generating keypair
2024-12-07 18:21:04 [SERVER] [INFO] Preparing start region for level 0
2024-12-07 18:21:04 [SERVER] [INFO] quaternary[/127.0.0.1:0] logged in with entity id 111 at (-320.5104720857364, 4.0, 500.3981534148619)
2024-12-07 18:21:40 [SERVER] [INFO] Saving and pausing game...
2024-12-07 18:21:40 [SERVER] [INFO] Saving chunks for level 'New World'/Overworld
2024-12-07 18:21:40 [SERVER] [INFO] Saving chunks for level 'New World'/Nether
2024-12-07 18:21:40 [SERVER] [INFO] Saving chunks for level 'New World'/The End
2024-12-07 18:21:41 [SERVER] [INFO] Saving and pausing game...
2024-12-07 18:21:41 [SERVER] [INFO] Saving chunks for level 'New World'/Overworld
2024-12-07 18:21:41 [SERVER] [INFO] Saving chunks for level 'New World'/Nether
2024-12-07 18:21:41 [SERVER] [INFO] Saving chunks for level 'New World'/The End
2024-12-07 18:35:57 [SERVER] [INFO] Saving and pausing game...
2024-12-07 18:35:57 [SERVER] [INFO] Saving chunks for level 'New World'/Overworld
2024-12-07 18:35:57 [SERVER] [INFO] Saving chunks for level 'New World'/Nether
2024-12-07 18:35:57 [SERVER] [INFO] Saving chunks for level 'New World'/The End
2024-12-07 18:41:11 [SERVER] [INFO] Saving and pausing game...
2024-12-07 18:41:11 [SERVER] [INFO] Saving chunks for level 'New World'/Overworld
2024-12-07 18:41:11 [SERVER] [INFO] Saving chunks for level 'New World'/Nether
2024-12-07 18:41:11 [SERVER] [INFO] Saving chunks for level 'New World'/The End
2024-12-07 18:48:00 [SERVER] [INFO] Starting integrated minecraft server version 1.5.2
2024-12-07 18:48:00 [SERVER] [INFO] Generating keypair
2024-12-07 18:48:00 [SERVER] [INFO] Preparing start region for level 0
2024-12-07 18:48:01 [SERVER] [INFO] quaternary[/127.0.0.1:0] logged in with entity id 112 at (-320.22837895254213, 4.0, 501.3763730727579)
2024-12-07 18:51:06 [SERVER] [INFO] Starting integrated minecraft server version 1.5.2
2024-12-07 18:51:06 [SERVER] [INFO] Generating keypair
2024-12-07 18:51:06 [SERVER] [INFO] Preparing start region for level 0
2024-12-07 18:51:07 [SERVER] [INFO] quaternary[/127.0.0.1:0] logged in with entity id 109 at (-320.22837895254213, 4.0, 501.3763730727579)
2024-12-07 18:54:33 [SERVER] [INFO] Saving and pausing game...
2024-12-07 18:54:33 [SERVER] [INFO] Saving chunks for level 'New World'/Overworld
2024-12-07 18:54:33 [SERVER] [INFO] Saving chunks for level 'New World'/Nether
2024-12-07 18:54:33 [SERVER] [INFO] Saving chunks for level 'New World'/The End
2024-12-07 18:54:34 [SERVER] [INFO] Saving and pausing game...
2024-12-07 18:54:34 [SERVER] [INFO] Saving chunks for level 'New World'/Overworld
2024-12-07 18:54:34 [SERVER] [INFO] Saving chunks for level 'New World'/Nether
2024-12-07 18:54:34 [SERVER] [INFO] Saving chunks for level 'New World'/The End
2024-12-07 18:56:43 [SERVER] [INFO] Starting integrated minecraft server version 1.5.2
2024-12-07 18:56:43 [SERVER] [INFO] Generating keypair
2024-12-07 18:56:43 [SERVER] [INFO] Preparing start region for level 0
2024-12-07 18:56:43 [SERVER] [INFO] quaternary[/127.0.0.1:0] logged in with entity id 112 at (-320.22867530887544, 4.0, 501.37329439972297)
2024-12-07 18:56:53 [SERVER] [INFO] [quaternary: Set the time to 0]
2024-12-07 18:57:38 [SERVER] [INFO] Saving and pausing game...
2024-12-07 18:57:38 [SERVER] [INFO] Saving chunks for level 'New World'/Overworld
2024-12-07 18:57:38 [SERVER] [INFO] Saving chunks for level 'New World'/Nether
2024-12-07 18:57:38 [SERVER] [INFO] Saving chunks for level 'New World'/The End
2024-12-07 18:58:12 [SERVER] [INFO] Saving and pausing game...
2024-12-07 18:58:12 [SERVER] [INFO] Saving chunks for level 'New World'/Overworld
2024-12-07 18:58:12 [SERVER] [INFO] Saving chunks for level 'New World'/Nether
2024-12-07 18:58:12 [SERVER] [INFO] Saving chunks for level 'New World'/The End
2024-12-07 18:58:14 [SERVER] [INFO] Saving and pausing game...
2024-12-07 18:58:14 [SERVER] [INFO] Saving chunks for level 'New World'/Overworld
2024-12-07 18:58:14 [SERVER] [INFO] Saving chunks for level 'New World'/Nether
2024-12-07 18:58:14 [SERVER] [INFO] Saving chunks for level 'New World'/The End
2024-12-07 19:00:46 [SERVER] [INFO] Starting integrated minecraft server version 1.5.2
2024-12-07 19:00:46 [SERVER] [INFO] Generating keypair
2024-12-07 19:00:46 [SERVER] [INFO] Preparing start region for level 0
2024-12-07 19:00:46 [SERVER] [INFO] quaternary[/127.0.0.1:0] logged in with entity id 90 at (-319.3768995373251, 4.0, 502.1930954955994)
2024-12-07 19:01:02 [SERVER] [INFO] Saving and pausing game...
2024-12-07 19:01:02 [SERVER] [INFO] Saving chunks for level 'New World'/Overworld
2024-12-07 19:01:02 [SERVER] [INFO] Saving chunks for level 'New World'/Nether
2024-12-07 19:01:02 [SERVER] [INFO] Saving chunks for level 'New World'/The End
2024-12-07 19:01:29 [SERVER] [INFO] Saving and pausing game...
2024-12-07 19:01:29 [SERVER] [INFO] Saving chunks for level 'New World'/Overworld
2024-12-07 19:01:29 [SERVER] [INFO] Saving chunks for level 'New World'/Nether
2024-12-07 19:01:29 [SERVER] [INFO] Saving chunks for level 'New World'/The End
2024-12-07 19:03:04 [SERVER] [INFO] Starting integrated minecraft server version 1.5.2
2024-12-07 19:03:04 [SERVER] [INFO] Generating keypair
2024-12-07 19:03:04 [SERVER] [INFO] Preparing start region for level 0
2024-12-07 19:03:05 [SERVER] [INFO] quaternary[/127.0.0.1:0] logged in with entity id 79 at (-320.37459396471525, 4.0, 501.3983882262837)
2024-12-07 19:07:13 [SERVER] [INFO] Starting integrated minecraft server version 1.5.2
2024-12-07 19:07:13 [SERVER] [INFO] Generating keypair
2024-12-07 19:07:13 [SERVER] [INFO] Preparing start region for level 0
2024-12-07 19:07:14 [SERVER] [INFO] quaternary[/127.0.0.1:0] logged in with entity id 64 at (-320.37380473265796, 4.0, 502.03541641363415)
2024-12-07 19:08:13 [SERVER] [INFO] Saving and pausing game...
2024-12-07 19:08:13 [SERVER] [INFO] Saving chunks for level 'New World'/Overworld
2024-12-07 19:08:13 [SERVER] [INFO] Saving chunks for level 'New World'/Nether
2024-12-07 19:08:13 [SERVER] [INFO] Saving chunks for level 'New World'/The End
2024-12-07 19:09:05 [SERVER] [INFO] Starting integrated minecraft server version 1.5.2
2024-12-07 19:09:05 [SERVER] [INFO] Generating keypair
2024-12-07 19:09:05 [SERVER] [INFO] Preparing start region for level 0
2024-12-07 19:09:06 [SERVER] [INFO] quaternary[/127.0.0.1:0] logged in with entity id 34 at (-320.2428948587853, 4.0, 501.63572165450677)
2024-12-07 19:09:32 [SERVER] [INFO] Saving and pausing game...
2024-12-07 19:09:32 [SERVER] [INFO] Saving chunks for level 'New World'/Overworld
2024-12-07 19:09:32 [SERVER] [INFO] Saving chunks for level 'New World'/Nether
2024-12-07 19:09:32 [SERVER] [INFO] Saving chunks for level 'New World'/The End
2024-12-07 19:13:24 [SERVER] [INFO] Saving and pausing game...
2024-12-07 19:13:24 [SERVER] [INFO] Saving chunks for level 'New World'/Overworld
2024-12-07 19:13:24 [SERVER] [INFO] Saving chunks for level 'New World'/Nether
2024-12-07 19:13:24 [SERVER] [INFO] Saving chunks for level 'New World'/The End
2024-12-07 19:13:25 [SERVER] [INFO] Stopping server
2024-12-07 19:13:25 [SERVER] [INFO] Saving players
2024-12-07 19:13:25 [SERVER] [INFO] Saving worlds
2024-12-07 19:13:25 [SERVER] [INFO] Saving chunks for level 'New World'/Overworld
2024-12-07 19:13:25 [SERVER] [INFO] Saving chunks for level 'New World'/Nether
2024-12-07 19:13:25 [SERVER] [INFO] Saving chunks for level 'New World'/The End
2024-12-07 19:13:42 [SERVER] [INFO] Starting integrated minecraft server version 1.5.2
2024-12-07 19:13:42 [SERVER] [INFO] Generating keypair
2024-12-07 19:13:42 [SERVER] [INFO] Preparing start region for level 0
2024-12-07 19:13:43 [SERVER] [INFO] quaternary[/127.0.0.1:0] logged in with entity id 35 at (-320.4188687742239, 4.0, 501.08794439875226)
2024-12-07 19:14:19 [SERVER] [INFO] Saving and pausing game...
2024-12-07 19:14:19 [SERVER] [INFO] Saving chunks for level 'New World'/Overworld
2024-12-07 19:14:19 [SERVER] [INFO] Saving chunks for level 'New World'/Nether
2024-12-07 19:14:19 [SERVER] [INFO] Saving chunks for level 'New World'/The End
2024-12-07 19:14:19 [SERVER] [INFO] Saving and pausing game...
2024-12-07 19:14:19 [SERVER] [INFO] Saving chunks for level 'New World'/Overworld
2024-12-07 19:14:19 [SERVER] [INFO] Saving chunks for level 'New World'/Nether
2024-12-07 19:14:19 [SERVER] [INFO] Saving chunks for level 'New World'/The End
2024-12-07 19:14:20 [SERVER] [INFO] Stopping server
2024-12-07 19:14:20 [SERVER] [INFO] Saving players
2024-12-07 19:14:20 [SERVER] [INFO] Saving worlds
2024-12-07 19:14:20 [SERVER] [INFO] Saving chunks for level 'New World'/Overworld
2024-12-07 19:14:20 [SERVER] [INFO] Saving chunks for level 'New World'/Nether
2024-12-07 19:14:20 [SERVER] [INFO] Saving chunks for level 'New World'/The End
2024-12-07 19:14:52 [SERVER] [INFO] Starting integrated minecraft server version 1.5.2
2024-12-07 19:14:52 [SERVER] [INFO] Generating keypair
2024-12-07 19:14:52 [SERVER] [INFO] Preparing start region for level 0
2024-12-07 19:14:53 [SERVER] [INFO] quaternary[/127.0.0.1:0] logged in with entity id 34 at (-319.953508811633, 4.0, 497.7148802571651)
2024-12-07 19:16:45 [SERVER] [INFO] Starting integrated minecraft server version 1.5.2
2024-12-07 19:16:45 [SERVER] [INFO] Generating keypair
2024-12-07 19:16:45 [SERVER] [INFO] Preparing start region for level 0
2024-12-07 19:16:46 [SERVER] [INFO] quaternary[/127.0.0.1:0] logged in with entity id 109 at (-320.23625532920425, 4.0, 500.5431303332446)
2024-12-07 19:17:10 [SERVER] [INFO] [quaternary: Toggled downfall]
2024-12-07 19:17:14 [SERVER] [INFO] [quaternary: Set the time to 0]
2024-12-07 19:18:08 [SERVER] [INFO] Saving and pausing game...
2024-12-07 19:18:08 [SERVER] [INFO] Saving chunks for level 'New World'/Overworld
2024-12-07 19:18:08 [SERVER] [INFO] Saving chunks for level 'New World'/Nether
2024-12-07 19:18:08 [SERVER] [INFO] Saving chunks for level 'New World'/The End
2024-12-07 19:18:09 [SERVER] [INFO] Stopping server
2024-12-07 19:18:09 [SERVER] [INFO] Saving players
2024-12-07 19:18:09 [SERVER] [INFO] Saving worlds
2024-12-07 19:18:09 [SERVER] [INFO] Saving chunks for level 'New World'/Overworld
2024-12-07 19:18:09 [SERVER] [INFO] Saving chunks for level 'New World'/Nether
2024-12-07 19:18:09 [SERVER] [INFO] Saving chunks for level 'New World'/The End
2024-12-07 19:26:59 [SERVER] [INFO] Starting integrated minecraft server version 1.5.2
2024-12-07 19:26:59 [SERVER] [INFO] Generating keypair
2024-12-07 19:26:59 [SERVER] [INFO] Preparing start region for level 0
2024-12-07 19:27:00 [SERVER] [INFO] quaternary[/127.0.0.1:0] logged in with entity id 79 at (-318.5977347189522, 4.0, 500.6249472335397)
2024-12-07 19:32:03 [SERVER] [INFO] Stopping server
2024-12-07 19:32:03 [SERVER] [INFO] Saving players
2024-12-08 10:07:55 [SERVER] [INFO] Starting integrated minecraft server version 1.5.2
2024-12-08 10:07:55 [SERVER] [INFO] Generating keypair
2024-12-08 10:07:55 [SERVER] [INFO] Preparing start region for level 0
2024-12-08 10:07:56 [SERVER] [INFO] quaternary[/127.0.0.1:0] logged in with entity id 42 at (-320.4850262206309, 4.0, 501.38557299928846)
2024-12-08 10:08:32 [SERVER] [INFO] Saving and pausing game...
2024-12-08 10:08:32 [SERVER] [INFO] Saving chunks for level 'New World'/Overworld
2024-12-08 10:08:32 [SERVER] [INFO] Saving chunks for level 'New World'/Nether
2024-12-08 10:08:32 [SERVER] [INFO] Saving chunks for level 'New World'/The End
2024-12-08 10:10:08 [SERVER] [INFO] Starting integrated minecraft server version 1.5.2
2024-12-08 10:10:08 [SERVER] [INFO] Generating keypair
2024-12-08 10:10:08 [SERVER] [INFO] Preparing start region for level 0
2024-12-08 10:10:09 [SERVER] [INFO] quaternary[/127.0.0.1:0] logged in with entity id 35 at (-320.82394966162053, 4.0, 501.39248214350164)
2024-12-08 10:13:31 [SERVER] [INFO] [quaternary: Set the time to 0]
2024-12-08 10:13:49 [SERVER] [INFO] Saving and pausing game...
2024-12-08 10:13:49 [SERVER] [INFO] Saving chunks for level 'New World'/Overworld
2024-12-08 10:13:49 [SERVER] [INFO] Saving chunks for level 'New World'/Nether
2024-12-08 10:13:49 [SERVER] [INFO] Saving chunks for level 'New World'/The End
2024-12-08 10:14:33 [SERVER] [INFO] Saving and pausing game...
2024-12-08 10:14:33 [SERVER] [INFO] Saving chunks for level 'New World'/Overworld
2024-12-08 10:14:33 [SERVER] [INFO] Saving chunks for level 'New World'/Nether
2024-12-08 10:14:33 [SERVER] [INFO] Saving chunks for level 'New World'/The End
2024-12-08 10:14:42 [SERVER] [INFO] Saving and pausing game...
2024-12-08 10:14:42 [SERVER] [INFO] Saving chunks for level 'New World'/Overworld
2024-12-08 10:14:42 [SERVER] [INFO] Saving chunks for level 'New World'/Nether
2024-12-08 10:14:42 [SERVER] [INFO] Saving chunks for level 'New World'/The End
2024-12-08 10:14:43 [SERVER] [INFO] Saving and pausing game...
2024-12-08 10:14:43 [SERVER] [INFO] Saving chunks for level 'New World'/Overworld
2024-12-08 10:14:43 [SERVER] [INFO] Saving chunks for level 'New World'/Nether
2024-12-08 10:14:43 [SERVER] [INFO] Saving chunks for level 'New World'/The End
2024-12-08 10:14:51 [SERVER] [INFO] Saving and pausing game...
2024-12-08 10:14:51 [SERVER] [INFO] Saving chunks for level 'New World'/Overworld
2024-12-08 10:14:51 [SERVER] [INFO] Saving chunks for level 'New World'/Nether
2024-12-08 10:14:51 [SERVER] [INFO] Saving chunks for level 'New World'/The End
2024-12-08 10:16:04 [SERVER] [INFO] Starting integrated minecraft server version 1.5.2
2024-12-08 10:16:04 [SERVER] [INFO] Generating keypair
2024-12-08 10:16:04 [SERVER] [INFO] Preparing start region for level 0
2024-12-08 10:16:05 [SERVER] [INFO] quaternary[/127.0.0.1:0] logged in with entity id 39 at (-320.1814389510075, 4.0, 501.46424579293756)
2024-12-08 10:24:24 [SERVER] [INFO] Saving and pausing game...
2024-12-08 10:24:24 [SERVER] [INFO] Saving chunks for level 'New World'/Overworld
2024-12-08 10:24:24 [SERVER] [INFO] Saving chunks for level 'New World'/Nether
2024-12-08 10:24:24 [SERVER] [INFO] Saving chunks for level 'New World'/The End
2024-12-08 10:24:51 [SERVER] [INFO] Starting integrated minecraft server version 1.5.2
2024-12-08 10:24:51 [SERVER] [INFO] Generating keypair
2024-12-08 10:24:51 [SERVER] [INFO] Preparing start region for level 0
2024-12-08 10:24:52 [SERVER] [INFO] quaternary[/127.0.0.1:0] logged in with entity id 39 at (-320.23169707246024, 4.0, 501.4945349879716)
2024-12-08 10:25:04 [SERVER] [INFO] Saving and pausing game...
2024-12-08 10:25:04 [SERVER] [INFO] Saving chunks for level 'New World'/Overworld
2024-12-08 10:25:04 [SERVER] [INFO] Saving chunks for level 'New World'/Nether
2024-12-08 10:25:04 [SERVER] [INFO] Saving chunks for level 'New World'/The End
2024-12-08 10:25:07 [SERVER] [INFO] Saving and pausing game...
2024-12-08 10:25:07 [SERVER] [INFO] Saving chunks for level 'New World'/Overworld
2024-12-08 10:25:07 [SERVER] [INFO] Saving chunks for level 'New World'/Nether
2024-12-08 10:25:07 [SERVER] [INFO] Saving chunks for level 'New World'/The End
2024-12-08 10:27:07 [SERVER] [INFO] Starting integrated minecraft server version 1.5.2
2024-12-08 10:27:07 [SERVER] [INFO] Generating keypair
2024-12-08 10:27:07 [SERVER] [INFO] Preparing start region for level 0
2024-12-08 10:27:07 [SERVER] [INFO] quaternary[/127.0.0.1:0] logged in with entity id 38 at (-320.23169707246024, 4.0, 501.4945349879716)
2024-12-08 10:30:27 [SERVER] [SEVERE] Encountered an unexpected exception ReportedException
net.minecraft.util.ReportedException: Ticking memory connection
	at net.minecraft.network.NetworkListenThread.networkTick(NetworkListenThread.java:60)
	at net.minecraft.server.integrated.IntegratedServerListenThread.networkTick(IntegratedServerListenThread.java:109)
	at net.minecraft.server.MinecraftServer.updateTimeLightAndEntities(MinecraftServer.java:677)
	at net.minecraft.server.MinecraftServer.tick(MinecraftServer.java:573)
	at net.minecraft.server.integrated.IntegratedServer.tick(IntegratedServer.java:127)
	at net.minecraft.server.MinecraftServer.run(MinecraftServer.java:470)
	at net.minecraft.server.ThreadMinecraftServer.run(ThreadMinecraftServer.java:573)
Caused by: java.lang.ArrayIndexOutOfBoundsException: -1
	at dev.vintage.cropnalyzer.item.ItemAdvancedAnalyzer.onItemUse(ItemAdvancedAnalyzer.java:74)
	at net.minecraft.item.ItemStack.tryPlaceItemIntoWorld(ItemStack.java:149)
	at net.minecraft.item.ItemInWorldManager.activateBlockOrUseItem(ItemInWorldManager.java:425)
	at net.minecraft.network.NetServerHandler.handlePlace(NetServerHandler.java:553)
	at net.minecraft.network.packet.Packet15Place.processPacket(Packet15Place.java:58)
	at net.minecraft.network.MemoryConnection.processReadPackets(MemoryConnection.java:89)
	at net.minecraft.network.NetServerHandler.networkTick(NetServerHandler.java:134)
	at net.minecraft.network.NetworkListenThread.networkTick(NetworkListenThread.java:53)
	... 6 more
2024-12-08 10:30:27 [SERVER] [SEVERE] This crash report has been saved to: D:\Games\Minecraft\Workspace\VintageModsReforged\AdvancedCropnalyzer - 1.5.2\run\crash-reports\crash-2024-12-08_10.30.27-server.txt
2024-12-08 10:30:27 [SERVER] [INFO] Stopping server
2024-12-08 10:30:27 [SERVER] [INFO] Saving players
2024-12-08 10:30:27 [SERVER] [INFO] Saving worlds
2024-12-08 10:30:27 [SERVER] [INFO] Saving chunks for level 'New World'/Overworld
2024-12-08 10:30:27 [SERVER] [INFO] Saving chunks for level 'New World'/Nether
2024-12-08 10:30:27 [SERVER] [INFO] Saving chunks for level 'New World'/The End
2024-12-08 10:32:36 [SERVER] [INFO] Starting integrated minecraft server version 1.5.2
2024-12-08 10:32:36 [SERVER] [INFO] Generating keypair
2024-12-08 10:32:36 [SERVER] [INFO] Preparing start region for level 0
2024-12-08 10:32:36 [SERVER] [INFO] quaternary[/127.0.0.1:0] logged in with entity id 117 at (-320.23169707246024, 4.0, 501.4945349879716)
2024-12-08 10:32:45 [SERVER] [INFO] Saving and pausing game...
2024-12-08 10:32:45 [SERVER] [INFO] Saving chunks for level 'New World'/Overworld
2024-12-08 10:32:45 [SERVER] [INFO] Saving chunks for level 'New World'/Nether
2024-12-08 10:32:45 [SERVER] [INFO] Saving chunks for level 'New World'/The End
2024-12-08 10:33:01 [SERVER] [INFO] Saving and pausing game...
2024-12-08 10:33:01 [SERVER] [INFO] Saving chunks for level 'New World'/Overworld
2024-12-08 10:33:01 [SERVER] [INFO] Saving chunks for level 'New World'/Nether
2024-12-08 10:33:01 [SERVER] [INFO] Saving chunks for level 'New World'/The End
2024-12-08 10:33:52 [SERVER] [INFO] Saving and pausing game...
2024-12-08 10:33:52 [SERVER] [INFO] Saving chunks for level 'New World'/Overworld
2024-12-08 10:33:52 [SERVER] [INFO] Saving chunks for level 'New World'/Nether
2024-12-08 10:33:52 [SERVER] [INFO] Saving chunks for level 'New World'/The End
2024-12-08 10:34:19 [SERVER] [SEVERE] Encountered an unexpected exception ReportedException
net.minecraft.util.ReportedException: Ticking memory connection
	at net.minecraft.network.NetworkListenThread.networkTick(NetworkListenThread.java:60)
	at net.minecraft.server.integrated.IntegratedServerListenThread.networkTick(IntegratedServerListenThread.java:109)
	at net.minecraft.server.MinecraftServer.updateTimeLightAndEntities(MinecraftServer.java:677)
	at net.minecraft.server.MinecraftServer.tick(MinecraftServer.java:573)
	at net.minecraft.server.integrated.IntegratedServer.tick(IntegratedServer.java:127)
	at net.minecraft.server.MinecraftServer.run(MinecraftServer.java:470)
	at net.minecraft.server.ThreadMinecraftServer.run(ThreadMinecraftServer.java:573)
Caused by: java.lang.ArrayIndexOutOfBoundsException: -1
	at dev.vintage.cropnalyzer.item.ItemAdvancedAnalyzer.onItemUse(ItemAdvancedAnalyzer.java:75)
	at net.minecraft.item.ItemStack.tryPlaceItemIntoWorld(ItemStack.java:149)
	at net.minecraft.item.ItemInWorldManager.activateBlockOrUseItem(ItemInWorldManager.java:425)
	at net.minecraft.network.NetServerHandler.handlePlace(NetServerHandler.java:553)
	at net.minecraft.network.packet.Packet15Place.processPacket(Packet15Place.java:58)
	at net.minecraft.network.MemoryConnection.processReadPackets(MemoryConnection.java:89)
	at net.minecraft.network.NetServerHandler.networkTick(NetServerHandler.java:134)
	at net.minecraft.network.NetworkListenThread.networkTick(NetworkListenThread.java:53)
	... 6 more
2024-12-08 10:34:19 [SERVER] [SEVERE] This crash report has been saved to: D:\Games\Minecraft\Workspace\VintageModsReforged\AdvancedCropnalyzer - 1.5.2\run\crash-reports\crash-2024-12-08_10.34.19-server.txt
2024-12-08 10:34:19 [SERVER] [INFO] Stopping server
2024-12-08 10:34:19 [SERVER] [INFO] Saving players
2024-12-08 10:34:19 [SERVER] [INFO] Saving worlds
2024-12-08 10:34:19 [SERVER] [INFO] Saving chunks for level 'New World'/Overworld
2024-12-08 10:34:19 [SERVER] [INFO] Saving chunks for level 'New World'/Nether
2024-12-08 10:34:19 [SERVER] [INFO] Saving chunks for level 'New World'/The End
2024-12-08 10:35:09 [SERVER] [INFO] Starting integrated minecraft server version 1.5.2
2024-12-08 10:35:09 [SERVER] [INFO] Generating keypair
2024-12-08 10:35:09 [SERVER] [INFO] Preparing start region for level 0
2024-12-08 10:35:10 [SERVER] [INFO] quaternary[/127.0.0.1:0] logged in with entity id 113 at (-320.6424087939149, 4.0, 501.4919795881004)
2024-12-08 10:35:13 [SERVER] [SEVERE] Encountered an unexpected exception ReportedException
net.minecraft.util.ReportedException: Ticking memory connection
	at net.minecraft.network.NetworkListenThread.networkTick(NetworkListenThread.java:60)
	at net.minecraft.server.integrated.IntegratedServerListenThread.networkTick(IntegratedServerListenThread.java:109)
	at net.minecraft.server.MinecraftServer.updateTimeLightAndEntities(MinecraftServer.java:677)
	at net.minecraft.server.MinecraftServer.tick(MinecraftServer.java:573)
	at net.minecraft.server.integrated.IntegratedServer.tick(IntegratedServer.java:127)
	at net.minecraft.server.MinecraftServer.run(MinecraftServer.java:470)
	at net.minecraft.server.ThreadMinecraftServer.run(ThreadMinecraftServer.java:573)
Caused by: java.lang.ArrayIndexOutOfBoundsException: -1
	at dev.vintage.cropnalyzer.item.ItemAdvancedAnalyzer.onItemUse(ItemAdvancedAnalyzer.java:75)
	at net.minecraft.item.ItemStack.tryPlaceItemIntoWorld(ItemStack.java:149)
	at net.minecraft.item.ItemInWorldManager.activateBlockOrUseItem(ItemInWorldManager.java:425)
	at net.minecraft.network.NetServerHandler.handlePlace(NetServerHandler.java:553)
	at net.minecraft.network.packet.Packet15Place.processPacket(Packet15Place.java:58)
	at net.minecraft.network.MemoryConnection.processReadPackets(MemoryConnection.java:89)
	at net.minecraft.network.NetServerHandler.networkTick(NetServerHandler.java:134)
	at net.minecraft.network.NetworkListenThread.networkTick(NetworkListenThread.java:53)
	... 6 more
2024-12-08 10:35:13 [SERVER] [SEVERE] This crash report has been saved to: D:\Games\Minecraft\Workspace\VintageModsReforged\AdvancedCropnalyzer - 1.5.2\run\crash-reports\crash-2024-12-08_10.35.13-server.txt
2024-12-08 10:35:13 [SERVER] [INFO] Stopping server
2024-12-08 10:35:13 [SERVER] [INFO] Saving players
2024-12-08 10:35:13 [SERVER] [INFO] Saving worlds
2024-12-08 10:35:13 [SERVER] [INFO] Saving chunks for level 'New World'/Overworld
2024-12-08 10:35:13 [SERVER] [INFO] Saving chunks for level 'New World'/Nether
2024-12-08 10:35:13 [SERVER] [INFO] Saving chunks for level 'New World'/The End
2024-12-08 10:35:30 [SERVER] [INFO] Starting integrated minecraft server version 1.5.2
2024-12-08 10:35:30 [SERVER] [INFO] Generating keypair
2024-12-08 10:35:30 [SERVER] [INFO] Preparing start region for level 0
2024-12-08 10:35:30 [SERVER] [INFO] quaternary[/127.0.0.1:0] logged in with entity id 113 at (-320.6424087939149, 4.0, 501.4919795881004)
2024-12-08 10:35:36 [SERVER] [SEVERE] Encountered an unexpected exception ReportedException
net.minecraft.util.ReportedException: Ticking memory connection
	at net.minecraft.network.NetworkListenThread.networkTick(NetworkListenThread.java:60)
	at net.minecraft.server.integrated.IntegratedServerListenThread.networkTick(IntegratedServerListenThread.java:109)
	at net.minecraft.server.MinecraftServer.updateTimeLightAndEntities(MinecraftServer.java:677)
	at net.minecraft.server.MinecraftServer.tick(MinecraftServer.java:573)
	at net.minecraft.server.integrated.IntegratedServer.tick(IntegratedServer.java:127)
	at net.minecraft.server.MinecraftServer.run(MinecraftServer.java:470)
	at net.minecraft.server.ThreadMinecraftServer.run(ThreadMinecraftServer.java:573)
Caused by: java.lang.ArrayIndexOutOfBoundsException: -1
	at dev.vintage.cropnalyzer.item.ItemAdvancedAnalyzer.onItemUse(ItemAdvancedAnalyzer.java:75)
	at net.minecraft.item.ItemStack.tryPlaceItemIntoWorld(ItemStack.java:149)
	at net.minecraft.item.ItemInWorldManager.activateBlockOrUseItem(ItemInWorldManager.java:425)
	at net.minecraft.network.NetServerHandler.handlePlace(NetServerHandler.java:553)
	at net.minecraft.network.packet.Packet15Place.processPacket(Packet15Place.java:58)
	at net.minecraft.network.MemoryConnection.processReadPackets(MemoryConnection.java:89)
	at net.minecraft.network.NetServerHandler.networkTick(NetServerHandler.java:134)
	at net.minecraft.network.NetworkListenThread.networkTick(NetworkListenThread.java:53)
	... 6 more
2024-12-08 10:35:36 [SERVER] [SEVERE] This crash report has been saved to: D:\Games\Minecraft\Workspace\VintageModsReforged\AdvancedCropnalyzer - 1.5.2\run\crash-reports\crash-2024-12-08_10.35.36-server.txt
2024-12-08 10:35:36 [SERVER] [INFO] Stopping server
2024-12-08 10:35:36 [SERVER] [INFO] Saving players
2024-12-08 10:35:36 [SERVER] [INFO] Saving worlds
2024-12-08 10:35:36 [SERVER] [INFO] Saving chunks for level 'New World'/Overworld
2024-12-08 10:35:36 [SERVER] [INFO] Saving chunks for level 'New World'/Nether
2024-12-08 10:35:36 [SERVER] [INFO] Saving chunks for level 'New World'/The End
2024-12-08 10:36:22 [SERVER] [INFO] Starting integrated minecraft server version 1.5.2
2024-12-08 10:36:22 [SERVER] [INFO] Generating keypair
2024-12-08 10:36:22 [SERVER] [INFO] Preparing start region for level 0
2024-12-08 10:36:23 [SERVER] [INFO] quaternary[/127.0.0.1:0] logged in with entity id 113 at (-320.6424087939149, 4.0, 501.4919795881004)
2024-12-08 10:36:26 [SERVER] [SEVERE] Encountered an unexpected exception ReportedException
net.minecraft.util.ReportedException: Ticking memory connection
	at net.minecraft.network.NetworkListenThread.networkTick(NetworkListenThread.java:60)
	at net.minecraft.server.integrated.IntegratedServerListenThread.networkTick(IntegratedServerListenThread.java:109)
	at net.minecraft.server.MinecraftServer.updateTimeLightAndEntities(MinecraftServer.java:677)
	at net.minecraft.server.MinecraftServer.tick(MinecraftServer.java:573)
	at net.minecraft.server.integrated.IntegratedServer.tick(IntegratedServer.java:127)
	at net.minecraft.server.MinecraftServer.run(MinecraftServer.java:470)
	at net.minecraft.server.ThreadMinecraftServer.run(ThreadMinecraftServer.java:573)
Caused by: java.lang.ArrayIndexOutOfBoundsException: -1
	at dev.vintage.cropnalyzer.item.ItemAdvancedAnalyzer.onItemUse(ItemAdvancedAnalyzer.java:75)
	at net.minecraft.item.ItemStack.tryPlaceItemIntoWorld(ItemStack.java:149)
	at net.minecraft.item.ItemInWorldManager.activateBlockOrUseItem(ItemInWorldManager.java:425)
	at net.minecraft.network.NetServerHandler.handlePlace(NetServerHandler.java:553)
	at net.minecraft.network.packet.Packet15Place.processPacket(Packet15Place.java:58)
	at net.minecraft.network.MemoryConnection.processReadPackets(MemoryConnection.java:89)
	at net.minecraft.network.NetServerHandler.networkTick(NetServerHandler.java:134)
	at net.minecraft.network.NetworkListenThread.networkTick(NetworkListenThread.java:53)
	... 6 more
2024-12-08 10:36:26 [SERVER] [SEVERE] This crash report has been saved to: D:\Games\Minecraft\Workspace\VintageModsReforged\AdvancedCropnalyzer - 1.5.2\run\crash-reports\crash-2024-12-08_10.36.26-server.txt
2024-12-08 10:36:26 [SERVER] [INFO] Stopping server
2024-12-08 10:36:26 [SERVER] [INFO] Saving players
2024-12-08 10:36:26 [SERVER] [INFO] Saving worlds
2024-12-08 10:36:26 [SERVER] [INFO] Saving chunks for level 'New World'/Overworld
2024-12-08 10:36:26 [SERVER] [INFO] Saving chunks for level 'New World'/Nether
2024-12-08 10:36:26 [SERVER] [INFO] Saving chunks for level 'New World'/The End
2024-12-08 10:37:09 [SERVER] [INFO] Starting integrated minecraft server version 1.5.2
2024-12-08 10:37:09 [SERVER] [INFO] Generating keypair
2024-12-08 10:37:09 [SERVER] [INFO] Preparing start region for level 0
2024-12-08 10:37:10 [SERVER] [INFO] quaternary[/127.0.0.1:0] logged in with entity id 111 at (-320.6424087939149, 4.0, 501.4919795881004)
2024-12-08 10:37:16 [SERVER] [SEVERE] Encountered an unexpected exception ReportedException
net.minecraft.util.ReportedException: Ticking memory connection
	at net.minecraft.network.NetworkListenThread.networkTick(NetworkListenThread.java:60)
	at net.minecraft.server.integrated.IntegratedServerListenThread.networkTick(IntegratedServerListenThread.java:109)
	at net.minecraft.server.MinecraftServer.updateTimeLightAndEntities(MinecraftServer.java:677)
	at net.minecraft.server.MinecraftServer.tick(MinecraftServer.java:573)
	at net.minecraft.server.integrated.IntegratedServer.tick(IntegratedServer.java:127)
	at net.minecraft.server.MinecraftServer.run(MinecraftServer.java:470)
	at net.minecraft.server.ThreadMinecraftServer.run(ThreadMinecraftServer.java:573)
Caused by: java.lang.ArrayIndexOutOfBoundsException: -1
	at dev.vintage.cropnalyzer.item.ItemAdvancedAnalyzer.onItemUse(ItemAdvancedAnalyzer.java:75)
	at net.minecraft.item.ItemStack.tryPlaceItemIntoWorld(ItemStack.java:149)
	at net.minecraft.item.ItemInWorldManager.activateBlockOrUseItem(ItemInWorldManager.java:425)
	at net.minecraft.network.NetServerHandler.handlePlace(NetServerHandler.java:553)
	at net.minecraft.network.packet.Packet15Place.processPacket(Packet15Place.java:58)
	at net.minecraft.network.MemoryConnection.processReadPackets(MemoryConnection.java:89)
	at net.minecraft.network.NetServerHandler.networkTick(NetServerHandler.java:134)
	at net.minecraft.network.NetworkListenThread.networkTick(NetworkListenThread.java:53)
	... 6 more
2024-12-08 10:37:16 [SERVER] [SEVERE] This crash report has been saved to: D:\Games\Minecraft\Workspace\VintageModsReforged\AdvancedCropnalyzer - 1.5.2\run\crash-reports\crash-2024-12-08_10.37.16-server.txt
2024-12-08 10:37:16 [SERVER] [INFO] Stopping server
2024-12-08 10:37:16 [SERVER] [INFO] Saving players
2024-12-08 10:37:16 [SERVER] [INFO] Saving worlds
2024-12-08 10:37:16 [SERVER] [INFO] Saving chunks for level 'New World'/Overworld
2024-12-08 10:37:16 [SERVER] [INFO] Saving chunks for level 'New World'/Nether
2024-12-08 10:37:16 [SERVER] [INFO] Saving chunks for level 'New World'/The End
2024-12-08 10:37:41 [SERVER] [INFO] Starting integrated minecraft server version 1.5.2
2024-12-08 10:37:41 [SERVER] [INFO] Generating keypair
2024-12-08 10:37:41 [SERVER] [INFO] Preparing start region for level 0
2024-12-08 10:37:42 [SERVER] [INFO] quaternary[/127.0.0.1:0] logged in with entity id 111 at (-320.6424087939149, 4.0, 501.4919795881004)
2024-12-08 10:37:50 [SERVER] [INFO] [quaternary: Set the time to 0]
2024-12-08 10:37:54 [SERVER] [SEVERE] Encountered an unexpected exception ReportedException
net.minecraft.util.ReportedException: Ticking memory connection
	at net.minecraft.network.NetworkListenThread.networkTick(NetworkListenThread.java:60)
	at net.minecraft.server.integrated.IntegratedServerListenThread.networkTick(IntegratedServerListenThread.java:109)
	at net.minecraft.server.MinecraftServer.updateTimeLightAndEntities(MinecraftServer.java:677)
	at net.minecraft.server.MinecraftServer.tick(MinecraftServer.java:573)
	at net.minecraft.server.integrated.IntegratedServer.tick(IntegratedServer.java:127)
	at net.minecraft.server.MinecraftServer.run(MinecraftServer.java:470)
	at net.minecraft.server.ThreadMinecraftServer.run(ThreadMinecraftServer.java:573)
Caused by: java.lang.ArrayIndexOutOfBoundsException: -1
	at dev.vintage.cropnalyzer.item.ItemAdvancedAnalyzer.onItemUse(ItemAdvancedAnalyzer.java:75)
	at net.minecraft.item.ItemStack.tryPlaceItemIntoWorld(ItemStack.java:149)
	at net.minecraft.item.ItemInWorldManager.activateBlockOrUseItem(ItemInWorldManager.java:425)
	at net.minecraft.network.NetServerHandler.handlePlace(NetServerHandler.java:553)
	at net.minecraft.network.packet.Packet15Place.processPacket(Packet15Place.java:58)
	at net.minecraft.network.MemoryConnection.processReadPackets(MemoryConnection.java:89)
	at net.minecraft.network.NetServerHandler.networkTick(NetServerHandler.java:134)
	at net.minecraft.network.NetworkListenThread.networkTick(NetworkListenThread.java:53)
	... 6 more
2024-12-08 10:37:54 [SERVER] [SEVERE] This crash report has been saved to: D:\Games\Minecraft\Workspace\VintageModsReforged\AdvancedCropnalyzer - 1.5.2\run\crash-reports\crash-2024-12-08_10.37.54-server.txt
2024-12-08 10:37:54 [SERVER] [INFO] Stopping server
2024-12-08 10:37:54 [SERVER] [INFO] Saving players
2024-12-08 10:37:54 [SERVER] [INFO] Saving worlds
2024-12-08 10:37:54 [SERVER] [INFO] Saving chunks for level 'New World'/Overworld
2024-12-08 10:37:54 [SERVER] [INFO] Saving chunks for level 'New World'/Nether
2024-12-08 10:37:54 [SERVER] [INFO] Saving chunks for level 'New World'/The End
2024-12-08 10:38:52 [SERVER] [INFO] Starting integrated minecraft server version 1.5.2
2024-12-08 10:38:52 [SERVER] [INFO] Generating keypair
2024-12-08 10:38:52 [SERVER] [INFO] Preparing start region for level 0
2024-12-08 10:38:53 [SERVER] [INFO] quaternary[/127.0.0.1:0] logged in with entity id 110 at (-321.44504861515895, 4.0, 500.1353749061599)
2024-12-08 10:39:01 [SERVER] [INFO] Saving and pausing game...
2024-12-08 10:39:01 [SERVER] [INFO] Saving chunks for level 'New World'/Overworld
2024-12-08 10:39:01 [SERVER] [INFO] Saving chunks for level 'New World'/Nether
2024-12-08 10:39:01 [SERVER] [INFO] Saving chunks for level 'New World'/The End
2024-12-08 10:39:02 [SERVER] [INFO] Saving and pausing game...
2024-12-08 10:39:02 [SERVER] [INFO] Saving chunks for level 'New World'/Overworld
2024-12-08 10:39:02 [SERVER] [INFO] Saving chunks for level 'New World'/Nether
2024-12-08 10:39:02 [SERVER] [INFO] Saving chunks for level 'New World'/The End
2024-12-08 10:43:28 [SERVER] [INFO] Saving and pausing game...
2024-12-08 10:43:28 [SERVER] [INFO] Saving chunks for level 'New World'/Overworld
2024-12-08 10:43:28 [SERVER] [INFO] Saving chunks for level 'New World'/Nether
2024-12-08 10:43:28 [SERVER] [INFO] Saving chunks for level 'New World'/The End
2024-12-08 10:47:42 [SERVER] [INFO] Saving and pausing game...
2024-12-08 10:47:42 [SERVER] [INFO] Saving chunks for level 'New World'/Overworld
2024-12-08 10:47:42 [SERVER] [INFO] Saving chunks for level 'New World'/Nether
2024-12-08 10:47:42 [SERVER] [INFO] Saving chunks for level 'New World'/The End
2024-12-08 10:52:55 [SERVER] [INFO] Starting integrated minecraft server version 1.5.2
2024-12-08 10:52:55 [SERVER] [INFO] Generating keypair
2024-12-08 10:52:56 [SERVER] [INFO] Preparing start region for level 0
2024-12-08 10:52:56 [SERVER] [INFO] quaternary[/127.0.0.1:0] logged in with entity id 40 at (-321.5990174426978, 4.0, 501.65945380775827)
2024-12-08 10:54:21 [SERVER] [INFO] Saving and pausing game...
2024-12-08 10:54:21 [SERVER] [INFO] Saving chunks for level 'New World'/Overworld
2024-12-08 10:54:21 [SERVER] [INFO] Saving chunks for level 'New World'/Nether
2024-12-08 10:54:21 [SERVER] [INFO] Saving chunks for level 'New World'/The End
2024-12-08 10:54:21 [SERVER] [INFO] Saving and pausing game...
2024-12-08 10:54:21 [SERVER] [INFO] Saving chunks for level 'New World'/Overworld
2024-12-08 10:54:21 [SERVER] [INFO] Saving chunks for level 'New World'/Nether
2024-12-08 10:54:21 [SERVER] [INFO] Saving chunks for level 'New World'/The End
2024-12-08 10:54:27 [SERVER] [INFO] Saving and pausing game...
2024-12-08 10:54:27 [SERVER] [INFO] Saving chunks for level 'New World'/Overworld
2024-12-08 10:54:27 [SERVER] [INFO] Saving chunks for level 'New World'/Nether
2024-12-08 10:54:27 [SERVER] [INFO] Saving chunks for level 'New World'/The End
2024-12-08 10:54:27 [SERVER] [INFO] Stopping server
2024-12-08 10:54:27 [SERVER] [INFO] Saving players
2024-12-08 10:54:27 [SERVER] [INFO] Saving worlds
2024-12-08 10:54:27 [SERVER] [INFO] Saving chunks for level 'New World'/Overworld
2024-12-08 10:54:27 [SERVER] [INFO] Saving chunks for level 'New World'/Nether
2024-12-08 10:54:27 [SERVER] [INFO] Saving chunks for level 'New World'/The End
2024-12-08 14:16:04 [SERVER] [INFO] Starting integrated minecraft server version 1.5.2
2024-12-08 14:16:04 [SERVER] [INFO] Generating keypair
2024-12-08 14:16:04 [SERVER] [INFO] Preparing start region for level 0
2024-12-08 14:16:05 [SERVER] [INFO] quaternary[/127.0.0.1:0] logged in with entity id 34 at (-320.2807182190538, 4.0, 500.9677366949527)
2024-12-08 14:16:13 [SERVER] [INFO] Saving and pausing game...
2024-12-08 14:16:13 [SERVER] [INFO] Saving chunks for level 'New World'/Overworld
2024-12-08 14:16:13 [SERVER] [INFO] Saving chunks for level 'New World'/Nether
2024-12-08 14:16:13 [SERVER] [INFO] Saving chunks for level 'New World'/The End
2024-12-08 14:16:46 [SERVER] [INFO] Saving and pausing game...
2024-12-08 14:16:46 [SERVER] [INFO] Saving chunks for level 'New World'/Overworld
2024-12-08 14:16:46 [SERVER] [INFO] Saving chunks for level 'New World'/Nether
2024-12-08 14:16:46 [SERVER] [INFO] Saving chunks for level 'New World'/The End
